mode: set
github.com/bipinshashi/log-collection/internal/utils/utils.go:9.61,13.39 2 1
github.com/bipinshashi/log-collection/internal/utils/utils.go:13.39,15.3 1 1
github.com/bipinshashi/log-collection/internal/utils/utils.go:18.2,18.53 1 1
github.com/bipinshashi/log-collection/internal/utils/utils.go:18.53,20.3 1 1
github.com/bipinshashi/log-collection/internal/utils/utils.go:22.2,22.22 1 1
github.com/bipinshashi/log-collection/internal/handler.go:47.71,51.18 3 0
github.com/bipinshashi/log-collection/internal/handler.go:51.18,53.3 1 0
github.com/bipinshashi/log-collection/internal/handler.go:54.2,56.42 3 0
github.com/bipinshashi/log-collection/internal/handler.go:59.70,62.18 2 0
github.com/bipinshashi/log-collection/internal/handler.go:62.18,64.3 1 0
github.com/bipinshashi/log-collection/internal/handler.go:66.2,68.30 3 0
github.com/bipinshashi/log-collection/internal/handler.go:71.101,73.16 2 0
github.com/bipinshashi/log-collection/internal/handler.go:73.16,76.3 2 0
github.com/bipinshashi/log-collection/internal/handler.go:78.2,79.16 2 0
github.com/bipinshashi/log-collection/internal/handler.go:79.16,80.25 1 0
github.com/bipinshashi/log-collection/internal/handler.go:80.25,82.4 1 0
github.com/bipinshashi/log-collection/internal/handler.go:82.9,82.34 1 0
github.com/bipinshashi/log-collection/internal/handler.go:82.34,84.4 1 0
github.com/bipinshashi/log-collection/internal/handler.go:84.9,87.4 2 0
github.com/bipinshashi/log-collection/internal/handler.go:88.3,88.19 1 0
github.com/bipinshashi/log-collection/internal/handler.go:91.2,92.16 2 0
github.com/bipinshashi/log-collection/internal/handler.go:92.16,96.3 3 0
github.com/bipinshashi/log-collection/internal/handler.go:97.2,101.16 4 0
github.com/bipinshashi/log-collection/internal/handler.go:101.16,105.3 3 0
github.com/bipinshashi/log-collection/internal/handler.go:107.2,109.39 2 0
github.com/bipinshashi/log-collection/internal/handler.go:109.39,111.3 1 0
github.com/bipinshashi/log-collection/internal/handler.go:113.2,113.30 1 0
github.com/bipinshashi/log-collection/internal/handler.go:113.30,115.3 1 0
github.com/bipinshashi/log-collection/internal/handler.go:117.2,117.20 1 0
github.com/bipinshashi/log-collection/internal/handler.go:120.99,122.24 2 0
github.com/bipinshashi/log-collection/internal/handler.go:122.24,124.3 1 0
github.com/bipinshashi/log-collection/internal/handler.go:127.2,129.56 3 0
github.com/bipinshashi/log-collection/internal/handler.go:129.56,132.3 2 0
github.com/bipinshashi/log-collection/internal/handler.go:133.2,137.36 3 0
github.com/bipinshashi/log-collection/internal/handler.go:137.36,139.3 1 0
github.com/bipinshashi/log-collection/internal/handler.go:142.2,142.61 1 0
github.com/bipinshashi/log-collection/internal/handler.go:142.61,145.3 2 0
github.com/bipinshashi/log-collection/internal/handler.go:146.2,146.13 1 0
github.com/bipinshashi/log-collection/internal/handler.go:149.68,152.16 3 1
github.com/bipinshashi/log-collection/internal/handler.go:152.16,155.17 3 1
github.com/bipinshashi/log-collection/internal/handler.go:155.17,157.4 1 1
github.com/bipinshashi/log-collection/internal/handler.go:158.3,158.25 1 1
github.com/bipinshashi/log-collection/internal/handler.go:158.25,160.4 1 1
github.com/bipinshashi/log-collection/internal/handler.go:164.2,169.20 5 1
github.com/bipinshashi/log-collection/internal/handler.go:169.20,171.3 1 1
github.com/bipinshashi/log-collection/internal/handler.go:172.2,178.20 2 1
github.com/bipinshashi/log-collection/internal/handler.go:181.62,186.2 4 0
github.com/bipinshashi/log-collection/internal/handler.go:188.91,189.24 1 0
github.com/bipinshashi/log-collection/internal/handler.go:189.24,191.17 2 0
github.com/bipinshashi/log-collection/internal/handler.go:191.17,194.4 2 0
github.com/bipinshashi/log-collection/internal/handler.go:195.3,196.17 2 0
github.com/bipinshashi/log-collection/internal/handler.go:196.17,199.4 2 0
github.com/bipinshashi/log-collection/internal/handler.go:200.3,203.17 4 0
github.com/bipinshashi/log-collection/internal/handler.go:203.17,206.4 2 0
github.com/bipinshashi/log-collection/internal/handler.go:207.3,207.27 1 0
github.com/bipinshashi/log-collection/internal/handler.go:211.63,214.2 2 0
github.com/bipinshashi/log-collection/internal/handler.go:217.100,223.34 4 1
github.com/bipinshashi/log-collection/internal/handler.go:223.34,225.93 2 1
github.com/bipinshashi/log-collection/internal/handler.go:225.93,227.4 1 1
github.com/bipinshashi/log-collection/internal/handler.go:227.9,227.33 1 1
github.com/bipinshashi/log-collection/internal/handler.go:227.33,229.4 1 1
github.com/bipinshashi/log-collection/internal/handler.go:231.2,231.39 1 1
github.com/bipinshashi/log-collection/internal/handler.go:231.39,233.3 1 1
github.com/bipinshashi/log-collection/internal/handler.go:234.2,234.30 1 1
github.com/bipinshashi/log-collection/internal/handler.go:234.30,236.3 1 1
github.com/bipinshashi/log-collection/internal/handler.go:237.2,237.34 1 1
github.com/bipinshashi/log-collection/internal/handler.go:240.58,242.9 2 1
github.com/bipinshashi/log-collection/internal/handler.go:243.42,244.23 1 0
github.com/bipinshashi/log-collection/internal/handler.go:245.44,246.25 1 1
github.com/bipinshashi/log-collection/internal/handler.go:247.10,248.25 1 0
github.com/bipinshashi/log-collection/internal/handler.go:250.2,250.16 1 1
github.com/bipinshashi/log-collection/internal/handler.go:253.91,256.42 3 1
github.com/bipinshashi/log-collection/internal/handler.go:256.42,258.3 1 0
github.com/bipinshashi/log-collection/internal/handler.go:259.2,260.16 2 1
github.com/bipinshashi/log-collection/internal/handler.go:260.16,262.3 1 1
github.com/bipinshashi/log-collection/internal/handler.go:263.2,269.3 2 1
