mode: set
github.com/bipinshashi/log-collection/internal/utils/utils.go:9.61,13.39 2 1
github.com/bipinshashi/log-collection/internal/utils/utils.go:13.39,15.3 1 1
github.com/bipinshashi/log-collection/internal/utils/utils.go:18.2,18.53 1 1
github.com/bipinshashi/log-collection/internal/utils/utils.go:18.53,20.3 1 1
github.com/bipinshashi/log-collection/internal/utils/utils.go:22.2,22.22 1 1
github.com/bipinshashi/log-collection/internal/handler.go:58.70,61.16 3 0
github.com/bipinshashi/log-collection/internal/handler.go:61.16,64.17 3 0
github.com/bipinshashi/log-collection/internal/handler.go:64.17,67.4 2 0
github.com/bipinshashi/log-collection/internal/handler.go:68.3,68.25 1 0
github.com/bipinshashi/log-collection/internal/handler.go:68.25,71.4 2 0
github.com/bipinshashi/log-collection/internal/handler.go:75.2,80.20 5 0
github.com/bipinshashi/log-collection/internal/handler.go:80.20,82.3 1 0
github.com/bipinshashi/log-collection/internal/handler.go:83.2,90.16 3 0
github.com/bipinshashi/log-collection/internal/handler.go:90.16,91.25 1 0
github.com/bipinshashi/log-collection/internal/handler.go:91.25,93.4 1 0
github.com/bipinshashi/log-collection/internal/handler.go:93.9,93.34 1 0
github.com/bipinshashi/log-collection/internal/handler.go:93.34,95.4 1 0
github.com/bipinshashi/log-collection/internal/handler.go:95.9,98.4 2 0
github.com/bipinshashi/log-collection/internal/handler.go:99.3,99.9 1 0
github.com/bipinshashi/log-collection/internal/handler.go:102.2,103.16 2 0
github.com/bipinshashi/log-collection/internal/handler.go:103.16,107.3 3 0
github.com/bipinshashi/log-collection/internal/handler.go:108.2,112.16 4 0
github.com/bipinshashi/log-collection/internal/handler.go:112.16,116.3 3 0
github.com/bipinshashi/log-collection/internal/handler.go:118.2,120.39 2 0
github.com/bipinshashi/log-collection/internal/handler.go:120.39,122.3 1 0
github.com/bipinshashi/log-collection/internal/handler.go:124.2,124.30 1 0
github.com/bipinshashi/log-collection/internal/handler.go:124.30,126.3 1 0
github.com/bipinshashi/log-collection/internal/handler.go:128.2,130.30 3 0
github.com/bipinshashi/log-collection/internal/handler.go:133.87,135.24 2 0
github.com/bipinshashi/log-collection/internal/handler.go:135.24,137.3 1 0
github.com/bipinshashi/log-collection/internal/handler.go:140.2,142.56 3 0
github.com/bipinshashi/log-collection/internal/handler.go:142.56,145.3 2 0
github.com/bipinshashi/log-collection/internal/handler.go:146.2,150.36 3 0
github.com/bipinshashi/log-collection/internal/handler.go:150.36,152.3 1 0
github.com/bipinshashi/log-collection/internal/handler.go:155.2,155.61 1 0
github.com/bipinshashi/log-collection/internal/handler.go:155.61,158.3 2 0
github.com/bipinshashi/log-collection/internal/handler.go:159.2,159.13 1 0
github.com/bipinshashi/log-collection/internal/handler.go:162.62,167.2 4 0
github.com/bipinshashi/log-collection/internal/handler.go:169.85,170.24 1 0
github.com/bipinshashi/log-collection/internal/handler.go:170.24,172.17 2 0
github.com/bipinshashi/log-collection/internal/handler.go:172.17,175.4 2 0
github.com/bipinshashi/log-collection/internal/handler.go:176.3,177.17 2 0
github.com/bipinshashi/log-collection/internal/handler.go:177.17,180.4 2 0
github.com/bipinshashi/log-collection/internal/handler.go:181.3,184.17 4 0
github.com/bipinshashi/log-collection/internal/handler.go:184.17,187.4 2 0
github.com/bipinshashi/log-collection/internal/handler.go:188.3,188.27 1 0
github.com/bipinshashi/log-collection/internal/handler.go:192.63,195.2 2 0
github.com/bipinshashi/log-collection/internal/handler.go:198.94,204.34 4 1
github.com/bipinshashi/log-collection/internal/handler.go:204.34,206.93 2 1
github.com/bipinshashi/log-collection/internal/handler.go:206.93,208.4 1 1
github.com/bipinshashi/log-collection/internal/handler.go:208.9,208.33 1 1
github.com/bipinshashi/log-collection/internal/handler.go:208.33,210.4 1 1
github.com/bipinshashi/log-collection/internal/handler.go:212.2,212.39 1 1
github.com/bipinshashi/log-collection/internal/handler.go:212.39,214.3 1 1
github.com/bipinshashi/log-collection/internal/handler.go:215.2,215.30 1 1
github.com/bipinshashi/log-collection/internal/handler.go:215.30,217.3 1 1
github.com/bipinshashi/log-collection/internal/handler.go:218.2,218.34 1 1
github.com/bipinshashi/log-collection/internal/handler.go:221.52,223.9 2 1
github.com/bipinshashi/log-collection/internal/handler.go:224.42,225.17 1 0
github.com/bipinshashi/log-collection/internal/handler.go:226.44,227.19 1 1
github.com/bipinshashi/log-collection/internal/handler.go:228.10,229.19 1 0
github.com/bipinshashi/log-collection/internal/handler.go:231.2,231.16 1 1
github.com/bipinshashi/log-collection/internal/handler.go:234.79,237.42 3 1
github.com/bipinshashi/log-collection/internal/handler.go:237.42,240.3 1 0
github.com/bipinshashi/log-collection/internal/handler.go:241.2,242.16 2 1
github.com/bipinshashi/log-collection/internal/handler.go:242.16,245.3 1 1
github.com/bipinshashi/log-collection/internal/handler.go:246.2,252.3 2 1
